Change Component Footprint: Designator=C3 Old Footprint=SMD0603 New Footprint=SMD0805
Change Component Footprint: Designator=C4 Old Footprint=SMD0603 New Footprint=SMD0805
Change Component Footprint: Designator=C5 Old Footprint=SMD0603 New Footprint=SMD0805
Change Component Footprint: Designator=C6 Old Footprint=SMD0603 New Footprint=SMD0805
Change Component Footprint: Designator=C8 Old Footprint=SMD0603 New Footprint=SMD0805
Change Component Footprint: Designator=C9 Old Footprint=SMD0603 New Footprint=SMD0805
Change Component Footprint: Designator=C10 Old Footprint=SMD0603 New Footprint=SMD0805
Change Component Footprint: Designator=C11 Old Footprint=SMD0603 New Footprint=SMD0805
Change Component Footprint: Designator=C12 Old Footprint=SMD0603 New Footprint=SMD0805
Change Component Footprint: Designator=C14 Old Footprint=SMD0603 New Footprint=SMD0805
Change Component Footprint: Designator=C15 Old Footprint=SMD0603 New Footprint=SMD0805
Change Component Footprint: Designator=C16 Old Footprint=SMD0603 New Footprint=SMD0805
Change Component Footprint: Designator=C17 Old Footprint=SMD0603 New Footprint=SMD0805
Change Component Footprint: Designator=C18 Old Footprint=SMD0603 New Footprint=SMD0805
Change Component Footprint: Designator=C19 Old Footprint=SMD0603 New Footprint=SMD0805
Change Component Footprint: Designator=R1 Old Footprint=SMD0603 New Footprint=SMD0805
Change Component Footprint: Designator=R2 Old Footprint=SMD0603 New Footprint=SMD0805
Change Component Footprint: Designator=R3 Old Footprint=SMD0603 New Footprint=SMD0805
Change Component Footprint: Designator=R4 Old Footprint=SMD0603 New Footprint=SMD0805
Change Component Footprint: Designator=R5 Old Footprint=SMD0603 New Footprint=SMD0805
Change Component Footprint: Designator=R6 Old Footprint=SMD0603 New Footprint=SMD0805
Change Component Footprint: Designator=R7 Old Footprint=SMD0603 New Footprint=SMD0805
Change Component Footprint: Designator=R8 Old Footprint=SMD0603 New Footprint=SMD0805
Change Component Footprint: Designator=R9 Old Footprint=SMD0603 New Footprint=SMD0805
Change Component Footprint: Designator=R10 Old Footprint=SMD0603 New Footprint=SMD0805
Change Component Footprint: Designator=R11~R14 Old Footprint=SMD0603 New Footprint=SMD0805
Change Component Footprint: Designator=R12 Old Footprint=SMD0603 New Footprint=SMD0805
Change Component Footprint: Designator=R13 Old Footprint=SMD0603 New Footprint=SMD0805
Change Component Footprint: Designator=R14 Old Footprint=SMD0603 New Footprint=SMD0805
Change Component Footprint: Designator=R15 Old Footprint=SMD0603 New Footprint=SMD0805
Change Component Footprint: Designator=R15~R18 Old Footprint=SMD0603 New Footprint=SMD0805
Change Component Footprint: Designator=R16 Old Footprint=SMD0603 New Footprint=SMD0805
Change Component Footprint: Designator=R17 Old Footprint=SMD0603 New Footprint=SMD0805
Change Component Footprint: Designator=R19 Old Footprint=SMD0603 New Footprint=SMD0805
Change Component Footprint: Designator=R20 Old Footprint=SMD0603 New Footprint=SMD0805
Change Component Footprint: Designator=R21 Old Footprint=SMD0603 New Footprint=SMD0805
Change Component Footprint: Designator=R22 Old Footprint=SMD0603 New Footprint=SMD0805
Change Component Footprint: Designator=R23 Old Footprint=SMD0603 New Footprint=SMD0805
Change Component Footprint: Designator=R24 Old Footprint=SMD0603 New Footprint=SMD0805
Change Component Comment : Designator=P1 Old Comment=3V3X4 New Comment=Header 4_7.4V
Change Component Comment : Designator=P5 Old Comment=5V GND RX TX  New Comment=Header 4_BLUETOOTH
Change Component Comment : Designator=P2 Old Comment=5VX4 New Comment=Header 4_5V
Change Component Comment : Designator=P9 Old Comment= 5V XJ1 XJ2 XJ3 XJ4 GND New Comment=Header 6_XUNJI
Change Component Comment : Designator=P11 Old Comment=BOOT1 New Comment=Header 2
Change Component Comment : Designator=P10 Old Comment=BOOT2 New Comment=Header 2
Change Component Comment : Designator=P4 Old Comment=GND TRI ECH SER 5V New Comment=Header 5_SUPERVOICE
Change Component Comment : Designator=P3 Old Comment=GND VIN  New Comment=Header 2
Change Component Comment : Designator=P7 Old Comment=GNDX4 New Comment=Header 4_GND
Change Component Comment : Designator=P6 Old Comment=OUT1 OUT2 New Comment=Header 2
Change Component Comment : Designator=P12 Old Comment=OUT3 OUT4 New Comment=Header 2
Change Component Designator: OldDesignator=R11~R14 NewDesignator=R11
Change Component Designator: OldDesignator=R15~R18 NewDesignator=R18
Change Component Designator: OldDesignator=RST NewDesignator=S2
Change Component Designator: OldDesignator=USR NewDesignator=S1
Added Room: Name=PyBoard_PCB
