Added Component: Designator=*(microusb)
Added Component: Designator=C1(SMD0805)
Added Component: Designator=C2(SMD0805)
Added Component: Designator=C3(SMD0805)
Added Component: Designator=C4(SMD0805)
Added Component: Designator=C5(SMD0805)
Added Component: Designator=C6(SMD0805)
Added Component: Designator=C7(SMD0805)
Added Component: Designator=C8(SMD0805)
Added Component: Designator=C9(SMD0805)
Added Component: Designator=C10(SMD0805)
Added Component: Designator=C11(SMD0805)
Added Component: Designator=C12(SMD0805)
Added Component: Designator=C13(SMD0805)
Added Component: Designator=C14(SMD0805)
Added Component: Designator=C15(SMD0805)
Added Component: Designator=C16(SMD0805)
Added Component: Designator=C17(SMD0805)
Added Component: Designator=C18(SMD0805)
Added Component: Designator=D1(L0603)
Added Component: Designator=D2(L0603)
Added Component: Designator=D3(L0603)
Added Component: Designator=D4(L0603)
Added Component: Designator=D5(L0603)
Added Component: Designator=L1(L0603)
Added Component: Designator=R1(L0603)
Added Component: Designator=R2(L0603)
Added Component: Designator=R3(L0603)
Added Component: Designator=R4(L0603)
Added Component: Designator=R5(L0603)
Added Component: Designator=R6(L0603)
Added Component: Designator=R7(L0603)
Added Component: Designator=R8(L0603)
Added Component: Designator=R9(L0603)
Added Component: Designator=R10(L0603)
Added Component: Designator=R11(L0603)
Added Component: Designator=U1(STM-LQFP64_N)
Added Component: Designator=U2(STM-LQFP64_N)
Added Component: Designator=XC1(SOT23)
Added Pin To Net: NetName=VBUS Pin=*-1
Added Pin To Net: NetName=GND Pin=*-5
Added Pin To Net: NetName=GND Pin=*-6
Added Pin To Net: NetName=GND Pin=*-7
Added Pin To Net: NetName=NetC1_1 Pin=C1-1
Added Pin To Net: NetName=GND Pin=C1-2
Added Pin To Net: NetName=NetC2_1 Pin=C2-1
Added Pin To Net: NetName=GND Pin=C2-2
Added Pin To Net: NetName=GND Pin=C3-1
Added Pin To Net: NetName=NetC3_2 Pin=C3-2
Added Pin To Net: NetName=GND Pin=C4-1
Added Pin To Net: NetName=NetC4_2 Pin=C4-2
Added Pin To Net: NetName=GND Pin=C5-1
Added Pin To Net: NetName=NetC5_2 Pin=C5-2
Added Pin To Net: NetName=GND Pin=C6-1
Added Pin To Net: NetName=NetC6_2 Pin=C6-2
Added Pin To Net: NetName=GND Pin=C7-1
Added Pin To Net: NetName=NetC7_2 Pin=C7-2
Added Pin To Net: NetName=GND Pin=C9-1
Added Pin To Net: NetName=VBAT Pin=C9-2
Added Pin To Net: NetName=GND Pin=C10-1
Added Pin To Net: NetName=3.3V Pin=C10-2
Added Pin To Net: NetName=GND Pin=C11-1
Added Pin To Net: NetName=3.3V Pin=C11-2
Added Pin To Net: NetName=GND Pin=C12-1
Added Pin To Net: NetName=3.3V Pin=C12-2
Added Pin To Net: NetName=GND Pin=C13-1
Added Pin To Net: NetName=3.3V Pin=C13-2
Added Pin To Net: NetName=GND Pin=C14-1
Added Pin To Net: NetName=3.3V Pin=C14-2
Added Pin To Net: NetName=GND Pin=C15-1
Added Pin To Net: NetName=3.3V Pin=C15-2
Added Pin To Net: NetName=NetC16_1 Pin=C16-1
Added Pin To Net: NetName=GND Pin=C16-2
Added Pin To Net: NetName=NetC16_1 Pin=C17-1
Added Pin To Net: NetName=GND Pin=C17-2
Added Pin To Net: NetName=GND Pin=C18-1
Added Pin To Net: NetName=VIN Pin=C18-2
Added Pin To Net: NetName=NetD1_1 Pin=D1-1
Added Pin To Net: NetName=GND Pin=D1-2
Added Pin To Net: NetName=VBUS Pin=D2-1
Added Pin To Net: NetName=VIN Pin=D2-2
Added Pin To Net: NetName=NetD3_1 Pin=D3-1
Added Pin To Net: NetName=GND Pin=D3-2
Added Pin To Net: NetName=NetD4_1 Pin=D4-1
Added Pin To Net: NetName=GND Pin=D4-2
Added Pin To Net: NetName=NetD5_1 Pin=D5-1
Added Pin To Net: NetName=GND Pin=D5-2
Added Pin To Net: NetName=3.3V Pin=L1-1
Added Pin To Net: NetName=NetC16_1 Pin=L1-2
Added Pin To Net: NetName=R\S\T\ Pin=R1-1
Added Pin To Net: NetName=3.3V Pin=R1-2
Added Pin To Net: NetName=GND Pin=R2-1
Added Pin To Net: NetName=BOOT0 Pin=R2-2
Added Pin To Net: NetName=NetR3_1 Pin=R3-1
Added Pin To Net: NetName=PB3 Pin=R3-2
Added Pin To Net: NetName=NetD1_1 Pin=R4-1
Added Pin To Net: NetName=PA13_LED1 Pin=R4-2
Added Pin To Net: NetName=NetD3_1 Pin=R5-1
Added Pin To Net: NetName=PA14_LED2 Pin=R5-2
Added Pin To Net: NetName=PA9_VSUB Pin=R6-1
Added Pin To Net: NetName=NetD4_1 Pin=R7-1
Added Pin To Net: NetName=PA15_LED3 Pin=R7-2
Added Pin To Net: NetName=PA11_DM Pin=R8-1
Added Pin To Net: NetName=PA12_DP Pin=R9-1
Added Pin To Net: NetName=PA10_ID Pin=R10-1
Added Pin To Net: NetName=NetD5_1 Pin=R11-1
Added Pin To Net: NetName=PB4_LED4 Pin=R11-2
Added Pin To Net: NetName=PC13 Pin=U1-2
Added Pin To Net: NetName=NetC5_2 Pin=U1-3
Added Pin To Net: NetName=NetC6_2 Pin=U1-4
Added Pin To Net: NetName=NetC1_1 Pin=U1-5
Added Pin To Net: NetName=NetC2_1 Pin=U1-6
Added Pin To Net: NetName=R\S\T\ Pin=U1-7
Added Pin To Net: NetName=PC0 Pin=U1-8
Added Pin To Net: NetName=PC1 Pin=U1-9
Added Pin To Net: NetName=PC2 Pin=U1-10
Added Pin To Net: NetName=PC3 Pin=U1-11
Added Pin To Net: NetName=PA0 Pin=U1-14
Added Pin To Net: NetName=PA1 Pin=U1-15
Added Pin To Net: NetName=PA2 Pin=U1-16
Added Pin To Net: NetName=PA3 Pin=U1-17
Added Pin To Net: NetName=PA4 Pin=U1-20
Added Pin To Net: NetName=PA5 Pin=U1-21
Added Pin To Net: NetName=PA6 Pin=U1-22
Added Pin To Net: NetName=PA7 Pin=U1-23
Added Pin To Net: NetName=PC4 Pin=U1-24
Added Pin To Net: NetName=PC5 Pin=U1-25
Added Pin To Net: NetName=PB0 Pin=U1-26
Added Pin To Net: NetName=PB1 Pin=U1-27
Added Pin To Net: NetName=PB2_ Pin=U1-28
Added Pin To Net: NetName=PB10 Pin=U1-29
Added Pin To Net: NetName=PB11 Pin=U1-30
Added Pin To Net: NetName=NetC4_2 Pin=U1-31
Added Pin To Net: NetName=PB12 Pin=U1-33
Added Pin To Net: NetName=PB13 Pin=U1-34
Added Pin To Net: NetName=PB14 Pin=U1-35
Added Pin To Net: NetName=PB15 Pin=U1-36
Added Pin To Net: NetName=PC6 Pin=U1-37
Added Pin To Net: NetName=PC7 Pin=U1-38
Added Pin To Net: NetName=PC8 Pin=U1-39
Added Pin To Net: NetName=PC9 Pin=U1-40
Added Pin To Net: NetName=PA8 Pin=U1-41
Added Pin To Net: NetName=PA9_VSUB Pin=U1-42
Added Pin To Net: NetName=PA10_ID Pin=U1-43
Added Pin To Net: NetName=PA11_DM Pin=U1-44
Added Pin To Net: NetName=PA12_DP Pin=U1-45
Added Pin To Net: NetName=PA13_LED1 Pin=U1-46
Added Pin To Net: NetName=NetC3_2 Pin=U1-47
Added Pin To Net: NetName=PA14_LED2 Pin=U1-49
Added Pin To Net: NetName=PA15_LED3 Pin=U1-50
Added Pin To Net: NetName=PC10 Pin=U1-51
Added Pin To Net: NetName=PC11 Pin=U1-52
Added Pin To Net: NetName=PC12 Pin=U1-53
Added Pin To Net: NetName=PD2 Pin=U1-54
Added Pin To Net: NetName=PB3 Pin=U1-55
Added Pin To Net: NetName=PB4 Pin=U1-56
Added Pin To Net: NetName=PB5 Pin=U1-57
Added Pin To Net: NetName=PB6 Pin=U1-58
Added Pin To Net: NetName=PB7 Pin=U1-59
Added Pin To Net: NetName=BOOT0 Pin=U1-60
Added Pin To Net: NetName=PB8 Pin=U1-61
Added Pin To Net: NetName=PB9 Pin=U1-62
Added Pin To Net: NetName=VBAT Pin=U2-1
Added Pin To Net: NetName=GND Pin=U2-12
Added Pin To Net: NetName=NetC16_1 Pin=U2-13
Added Pin To Net: NetName=GND Pin=U2-18
Added Pin To Net: NetName=3.3V Pin=U2-19
Added Pin To Net: NetName=3.3V Pin=U2-32
Added Pin To Net: NetName=3.3V Pin=U2-48
Added Pin To Net: NetName=GND Pin=U2-63
Added Pin To Net: NetName=3.3V Pin=U2-64
Added Pin To Net: NetName=3.3V Pin=XC1-1
Added Pin To Net: NetName=GND Pin=XC1-2
Added Member To Class: ClassName=PyBoard_PCB Member=Component * MicroUSB
Added Member To Class: ClassName=PyBoard_PCB Member=Component C1 2.2p
Added Member To Class: ClassName=PyBoard_PCB Member=Component C2 2.2p
Added Member To Class: ClassName=PyBoard_PCB Member=Component C3 2u2
Added Member To Class: ClassName=PyBoard_PCB Member=Component C4 2u2
Added Member To Class: ClassName=PyBoard_PCB Member=Component C5 2.2p
Added Member To Class: ClassName=PyBoard_PCB Member=Component C6 2.2p
Added Member To Class: ClassName=PyBoard_PCB Member=Component C7 104
Added Member To Class: ClassName=PyBoard_PCB Member=Component C8 104
Added Member To Class: ClassName=PyBoard_PCB Member=Component C9 105
Added Member To Class: ClassName=PyBoard_PCB Member=Component C10 104
Added Member To Class: ClassName=PyBoard_PCB Member=Component C11 104
Added Member To Class: ClassName=PyBoard_PCB Member=Component C12 104
Added Member To Class: ClassName=PyBoard_PCB Member=Component C13 104
Added Member To Class: ClassName=PyBoard_PCB Member=Component C14 104
Added Member To Class: ClassName=PyBoard_PCB Member=Component C15 2u2
Added Member To Class: ClassName=PyBoard_PCB Member=Component C16 22u
Added Member To Class: ClassName=PyBoard_PCB Member=Component C17 104
Added Member To Class: ClassName=PyBoard_PCB Member=Component C18 2u2
Added Member To Class: ClassName=PyBoard_PCB Member=Component D1 LED1
Added Member To Class: ClassName=PyBoard_PCB Member=Component D2 Diode
Added Member To Class: ClassName=PyBoard_PCB Member=Component D3 LED1
Added Member To Class: ClassName=PyBoard_PCB Member=Component D4 LED1
Added Member To Class: ClassName=PyBoard_PCB Member=Component D5 LED1
Added Member To Class: ClassName=PyBoard_PCB Member=Component L1 1uH
Added Member To Class: ClassName=PyBoard_PCB Member=Component R1 10K
Added Member To Class: ClassName=PyBoard_PCB Member=Component R2 100K
Added Member To Class: ClassName=PyBoard_PCB Member=Component R3 10K
Added Member To Class: ClassName=PyBoard_PCB Member=Component R4 560
Added Member To Class: ClassName=PyBoard_PCB Member=Component R5 560
Added Member To Class: ClassName=PyBoard_PCB Member=Component R6 560
Added Member To Class: ClassName=PyBoard_PCB Member=Component R7 560
Added Member To Class: ClassName=PyBoard_PCB Member=Component R8 22
Added Member To Class: ClassName=PyBoard_PCB Member=Component R9 22
Added Member To Class: ClassName=PyBoard_PCB Member=Component R10 560
Added Member To Class: ClassName=PyBoard_PCB Member=Component R11 560
Added Member To Class: ClassName=PyBoard_PCB Member=Component U1 STM32F405RGT6
Added Member To Class: ClassName=PyBoard_PCB Member=Component U2 STM32F405RGT6
Added Member To Class: ClassName=PyBoard_PCB Member=Component XC1 XC6206
Added Room: Name=PyBoard_PCB
