Added Component: Designator=*(MicroUSB)
Added Component: Designator=C1(SMD0805)
Added Component: Designator=C2(SMD0805)
Added Component: Designator=C3(SMD0805)
Added Component: Designator=C4(SMD0805)
Added Component: Designator=C5(SMD0805)
Added Component: Designator=C6(SMD0805)
Added Component: Designator=C7(SMD0805)
Added Component: Designator=C9(SMD0805)
Added Component: Designator=C10(SMD0805)
Added Component: Designator=C11(SMD0805)
Added Component: Designator=C12(SMD0805)
Added Component: Designator=C13(SMD0805)
Added Component: Designator=C14(SMD0805)
Added Component: Designator=C15(SMD0805)
Added Component: Designator=C16(SMD0805)
Added Component: Designator=C17(SMD0805)
Added Component: Designator=C18(SMD0805)
Added Component: Designator=D0(SS24 - small)
Added Component: Designator=D1(LED0603)
Added Component: Designator=D2(LED0603)
Added Component: Designator=D3(LED0603)
Added Component: Designator=D4(LED0603)
Added Component: Designator=J1(HDR1X8)
Added Component: Designator=J2(HDR1X8)
Added Component: Designator=J3(HDR1X8)
Added Component: Designator=L1(SMD0603)
Added Component: Designator=R1(SMD0603)
Added Component: Designator=R2(SMD0603)
Added Component: Designator=R3(SMD0603)
Added Component: Designator=R4(SMD0603)
Added Component: Designator=R5(SMD0603)
Added Component: Designator=R6(SMD0603)
Added Component: Designator=R7(SMD0603)
Added Component: Designator=R8(SMD0603)
Added Component: Designator=R9(SMD0603)
Added Component: Designator=R10(SMD0603)
Added Component: Designator=R11(SMD0603)
Added Component: Designator=R12(SMD0603)
Added Component: Designator=R13(SMD0603)
Added Component: Designator=S1(SW 3X6)
Added Component: Designator=S2(SW 3X6)
Added Component: Designator=U1(LQFP64_M)
Added Component: Designator=XC1(SOT-23_N)
Added Component: Designator=Y1(TXC_9H03200019)
Added Component: Designator=Y3(TXC_9H03200019)
Added Pin To Net: NetName=3.3V Pin=C10-2
Added Pin To Net: NetName=3.3V Pin=C11-2
Added Pin To Net: NetName=3.3V Pin=C12-2
Added Pin To Net: NetName=3.3V Pin=C13-2
Added Pin To Net: NetName=3.3V Pin=C14-2
Added Pin To Net: NetName=3.3V Pin=C15-2
Added Pin To Net: NetName=3.3V Pin=L1-1
Added Pin To Net: NetName=3.3V Pin=R1-2
Added Pin To Net: NetName=3.3V Pin=U1-19
Added Pin To Net: NetName=3.3V Pin=U1-32
Added Pin To Net: NetName=3.3V Pin=U1-48
Added Pin To Net: NetName=3.3V Pin=U1-64
Added Pin To Net: NetName=3.3V Pin=XC1-2
Added Net: Name=3.3V
Added Pin To Net: NetName=3V3 Pin=J3-7
Added Net: Name=3V3
Added Pin To Net: NetName=A3V3 Pin=J2-7
Added Net: Name=A3V3
Added Pin To Net: NetName=BOOT0 Pin=R2-2
Added Pin To Net: NetName=BOOT0 Pin=U1-60
Added Net: Name=BOOT0
Added Pin To Net: NetName=GND Pin=*-5
Added Pin To Net: NetName=GND Pin=*-6
Added Pin To Net: NetName=GND Pin=*-7
Added Pin To Net: NetName=GND Pin=C1-2
Added Pin To Net: NetName=GND Pin=C2-2
Added Pin To Net: NetName=GND Pin=C3-1
Added Pin To Net: NetName=GND Pin=C4-1
Added Pin To Net: NetName=GND Pin=C5-1
Added Pin To Net: NetName=GND Pin=C6-1
Added Pin To Net: NetName=GND Pin=C7-1
Added Pin To Net: NetName=GND Pin=C9-1
Added Pin To Net: NetName=GND Pin=C10-1
Added Pin To Net: NetName=GND Pin=C11-1
Added Pin To Net: NetName=GND Pin=C12-1
Added Pin To Net: NetName=GND Pin=C13-1
Added Pin To Net: NetName=GND Pin=C14-1
Added Pin To Net: NetName=GND Pin=C15-1
Added Pin To Net: NetName=GND Pin=C16-2
Added Pin To Net: NetName=GND Pin=C17-2
Added Pin To Net: NetName=GND Pin=C18-1
Added Pin To Net: NetName=GND Pin=D1-2
Added Pin To Net: NetName=GND Pin=D2-2
Added Pin To Net: NetName=GND Pin=D3-2
Added Pin To Net: NetName=GND Pin=D4-2
Added Pin To Net: NetName=GND Pin=J2-8
Added Pin To Net: NetName=GND Pin=J3-6
Added Pin To Net: NetName=GND Pin=R2-1
Added Pin To Net: NetName=GND Pin=R12-2
Added Pin To Net: NetName=GND Pin=R13-2
Added Pin To Net: NetName=GND Pin=S2-2
Added Pin To Net: NetName=GND Pin=U1-12
Added Pin To Net: NetName=GND Pin=U1-18
Added Pin To Net: NetName=GND Pin=U1-63
Added Pin To Net: NetName=GND Pin=XC1-3
Added Net: Name=GND
Added Pin To Net: NetName=Net*_2 Pin=*-2
Added Pin To Net: NetName=Net*_2 Pin=R8-2
Added Net: Name=Net*_2
Added Pin To Net: NetName=Net*_3 Pin=*-3
Added Pin To Net: NetName=Net*_3 Pin=R9-2
Added Net: Name=Net*_3
Added Pin To Net: NetName=Net*_4 Pin=*-4
Added Pin To Net: NetName=Net*_4 Pin=R10-2
Added Net: Name=Net*_4
Added Pin To Net: NetName=NetC1_1 Pin=C1-1
Added Pin To Net: NetName=NetC1_1 Pin=U1-5
Added Pin To Net: NetName=NetC1_1 Pin=Y1-1
Added Net: Name=NetC1_1
Added Pin To Net: NetName=NetC2_1 Pin=C2-1
Added Pin To Net: NetName=NetC2_1 Pin=U1-6
Added Pin To Net: NetName=NetC2_1 Pin=Y1-2
Added Net: Name=NetC2_1
Added Pin To Net: NetName=NetC3_2 Pin=C3-2
Added Pin To Net: NetName=NetC3_2 Pin=U1-47
Added Net: Name=NetC3_2
Added Pin To Net: NetName=NetC4_2 Pin=C4-2
Added Pin To Net: NetName=NetC4_2 Pin=U1-31
Added Net: Name=NetC4_2
Added Pin To Net: NetName=NetC5_2 Pin=C5-2
Added Pin To Net: NetName=NetC5_2 Pin=U1-3
Added Pin To Net: NetName=NetC5_2 Pin=Y3-1
Added Net: Name=NetC5_2
Added Pin To Net: NetName=NetC6_2 Pin=C6-2
Added Pin To Net: NetName=NetC6_2 Pin=U1-4
Added Pin To Net: NetName=NetC6_2 Pin=Y3-2
Added Net: Name=NetC6_2
Added Pin To Net: NetName=NetC7_2 Pin=C7-2
Added Pin To Net: NetName=NetC7_2 Pin=S1-2
Added Net: Name=NetC7_2
Added Pin To Net: NetName=NetC16_1 Pin=C16-1
Added Pin To Net: NetName=NetC16_1 Pin=C17-1
Added Pin To Net: NetName=NetC16_1 Pin=L1-2
Added Pin To Net: NetName=NetC16_1 Pin=U1-13
Added Net: Name=NetC16_1
Added Pin To Net: NetName=NetD1_1 Pin=D1-1
Added Pin To Net: NetName=NetD1_1 Pin=R4-1
Added Net: Name=NetD1_1
Added Pin To Net: NetName=NetD2_1 Pin=D2-1
Added Pin To Net: NetName=NetD2_1 Pin=R5-1
Added Net: Name=NetD2_1
Added Pin To Net: NetName=NetD3_1 Pin=D3-1
Added Pin To Net: NetName=NetD3_1 Pin=R7-1
Added Net: Name=NetD3_1
Added Pin To Net: NetName=NetD4_1 Pin=D4-1
Added Pin To Net: NetName=NetD4_1 Pin=R11-1
Added Net: Name=NetD4_1
Added Pin To Net: NetName=NetR1_1 Pin=R1-1
Added Pin To Net: NetName=NetR1_1 Pin=S1-1
Added Pin To Net: NetName=NetR1_1 Pin=U1-7
Added Net: Name=NetR1_1
Added Pin To Net: NetName=NetR3_1 Pin=R3-1
Added Pin To Net: NetName=NetR3_1 Pin=S2-1
Added Net: Name=NetR3_1
Added Pin To Net: NetName=P13 Pin=J2-2
Added Net: Name=P13
Added Pin To Net: NetName=PA0 Pin=J1-1
Added Pin To Net: NetName=PA0 Pin=U1-14
Added Net: Name=PA0
Added Pin To Net: NetName=PA1 Pin=J1-2
Added Pin To Net: NetName=PA1 Pin=U1-15
Added Net: Name=PA1
Added Pin To Net: NetName=PA2 Pin=J1-3
Added Pin To Net: NetName=PA2 Pin=U1-16
Added Net: Name=PA2
Added Pin To Net: NetName=PA3 Pin=J1-4
Added Pin To Net: NetName=PA3 Pin=U1-17
Added Net: Name=PA3
Added Pin To Net: NetName=PA4 Pin=J1-5
Added Pin To Net: NetName=PA4 Pin=U1-20
Added Net: Name=PA4
Added Pin To Net: NetName=PA5 Pin=J1-6
Added Pin To Net: NetName=PA5 Pin=U1-21
Added Net: Name=PA5
Added Pin To Net: NetName=PA6 Pin=J1-7
Added Pin To Net: NetName=PA6 Pin=U1-22
Added Net: Name=PA6
Added Pin To Net: NetName=PA7 Pin=J1-8
Added Pin To Net: NetName=PA7 Pin=U1-23
Added Net: Name=PA7
Added Pin To Net: NetName=PA8 Pin=U1-41
Added Net: Name=PA8
Added Pin To Net: NetName=PA9_VSUB Pin=R6-1
Added Pin To Net: NetName=PA9_VSUB Pin=U1-42
Added Net: Name=PA9_VSUB
Added Pin To Net: NetName=PA10_ID Pin=R10-1
Added Pin To Net: NetName=PA10_ID Pin=U1-43
Added Net: Name=PA10_ID
Added Pin To Net: NetName=PA11_DM Pin=R8-1
Added Pin To Net: NetName=PA11_DM Pin=U1-44
Added Net: Name=PA11_DM
Added Pin To Net: NetName=PA12_DP Pin=R9-1
Added Pin To Net: NetName=PA12_DP Pin=U1-45
Added Net: Name=PA12_DP
Added Pin To Net: NetName=PA13_LED1 Pin=R4-2
Added Pin To Net: NetName=PA13_LED1 Pin=U1-46
Added Net: Name=PA13_LED1
Added Pin To Net: NetName=PA14_LED2 Pin=R5-2
Added Pin To Net: NetName=PA14_LED2 Pin=U1-49
Added Net: Name=PA14_LED2
Added Pin To Net: NetName=PA15_LED3 Pin=R7-2
Added Pin To Net: NetName=PA15_LED3 Pin=U1-50
Added Net: Name=PA15_LED3
Added Pin To Net: NetName=PB0 Pin=U1-26
Added Net: Name=PB0
Added Pin To Net: NetName=PB1 Pin=U1-27
Added Net: Name=PB1
Added Pin To Net: NetName=PB2 Pin=R12-1
Added Pin To Net: NetName=PB2 Pin=U1-28
Added Net: Name=PB2
Added Pin To Net: NetName=PB3 Pin=J2-1
Added Pin To Net: NetName=PB3 Pin=R3-2
Added Pin To Net: NetName=PB3 Pin=U1-55
Added Net: Name=PB3
Added Pin To Net: NetName=PB4_LED4 Pin=R11-2
Added Net: Name=PB4_LED4
Added Pin To Net: NetName=PB4 Pin=U1-56
Added Net: Name=PB4
Added Pin To Net: NetName=PB5 Pin=R13-1
Added Pin To Net: NetName=PB5 Pin=U1-57
Added Net: Name=PB5
Added Pin To Net: NetName=PB6 Pin=J3-1
Added Pin To Net: NetName=PB6 Pin=U1-58
Added Net: Name=PB6
Added Pin To Net: NetName=PB7 Pin=J3-2
Added Pin To Net: NetName=PB7 Pin=U1-59
Added Net: Name=PB7
Added Pin To Net: NetName=PB8 Pin=U1-61
Added Net: Name=PB8
Added Pin To Net: NetName=PB9 Pin=U1-62
Added Net: Name=PB9
Added Pin To Net: NetName=PB10 Pin=U1-29
Added Net: Name=PB10
Added Pin To Net: NetName=PB11 Pin=U1-30
Added Net: Name=PB11
Added Pin To Net: NetName=PB12 Pin=U1-33
Added Net: Name=PB12
Added Pin To Net: NetName=PB13 Pin=U1-34
Added Net: Name=PB13
Added Pin To Net: NetName=PB14 Pin=U1-35
Added Net: Name=PB14
Added Pin To Net: NetName=PB15 Pin=U1-36
Added Net: Name=PB15
Added Pin To Net: NetName=PC0_ Pin=J2-3
Added Net: Name=PC0_
Added Pin To Net: NetName=PC0 Pin=U1-8
Added Net: Name=PC0
Added Pin To Net: NetName=PC1 Pin=J2-4
Added Pin To Net: NetName=PC1 Pin=U1-9
Added Net: Name=PC1
Added Pin To Net: NetName=PC2 Pin=J2-5
Added Pin To Net: NetName=PC2 Pin=U1-10
Added Net: Name=PC2
Added Pin To Net: NetName=PC3 Pin=J2-6
Added Pin To Net: NetName=PC3 Pin=U1-11
Added Net: Name=PC3
Added Pin To Net: NetName=PC4 Pin=J3-3
Added Pin To Net: NetName=PC4 Pin=U1-24
Added Net: Name=PC4
Added Pin To Net: NetName=PC5 Pin=J3-4
Added Pin To Net: NetName=PC5 Pin=U1-25
Added Net: Name=PC5
Added Pin To Net: NetName=PC6 Pin=U1-37
Added Net: Name=PC6
Added Pin To Net: NetName=PC7 Pin=U1-38
Added Net: Name=PC7
Added Pin To Net: NetName=PC8 Pin=U1-39
Added Net: Name=PC8
Added Pin To Net: NetName=PC9 Pin=U1-40
Added Net: Name=PC9
Added Pin To Net: NetName=PC10 Pin=U1-51
Added Net: Name=PC10
Added Pin To Net: NetName=PC11 Pin=U1-52
Added Net: Name=PC11
Added Pin To Net: NetName=PC12 Pin=U1-53
Added Net: Name=PC12
Added Pin To Net: NetName=PC13 Pin=U1-2
Added Net: Name=PC13
Added Pin To Net: NetName=PD2 Pin=U1-54
Added Net: Name=PD2
Added Pin To Net: NetName=RST# Pin=J3-5
Added Net: Name=RST#
Added Pin To Net: NetName=VBAT Pin=C9-2
Added Pin To Net: NetName=VBAT Pin=U1-1
Added Net: Name=VBAT
Added Pin To Net: NetName=VBUS Pin=*-1
Added Pin To Net: NetName=VBUS Pin=D0-1
Added Pin To Net: NetName=VBUS Pin=R6-2
Added Net: Name=VBUS
Added Pin To Net: NetName=VIN Pin=C18-2
Added Pin To Net: NetName=VIN Pin=D0-2
Added Pin To Net: NetName=VIN Pin=J3-8
Added Pin To Net: NetName=VIN Pin=XC1-1
Added Net: Name=VIN
Added Class: Name=PyBoard_PCB
Added Room: Name=PyBoard_PCB
