Added Component: Designator=*(microusb)
Added Component: Designator=C1(RAD-0.3)
Added Component: Designator=C2(RAD-0.3)
Added Component: Designator=C3(RAD-0.3)
Added Component: Designator=C4(RAD-0.3)
Added Component: Designator=C5(RAD-0.3)
Added Component: Designator=C6(RAD-0.3)
Added Component: Designator=C7(RAD-0.3)
Added Component: Designator=C8(RAD-0.3)
Added Component: Designator=C9(RAD-0.3)
Added Component: Designator=C10(RAD-0.3)
Added Component: Designator=C11(RAD-0.3)
Added Component: Designator=C12(RAD-0.3)
Added Component: Designator=C13(RAD-0.3)
Added Component: Designator=C14(RAD-0.3)
Added Component: Designator=D0(SMC)
Added Component: Designator=D1(3.2X1.6X1.1)
Added Component: Designator=D2(3.2X1.6X1.1)
Added Component: Designator=D3(3.2X1.6X1.1)
Added Component: Designator=D4(3.2X1.6X1.1)
Added Component: Designator=L1(0402-A)
Added Component: Designator=R1(J1-0603)
Added Component: Designator=R2(J1-0603)
Added Component: Designator=R3(J1-0603)
Added Component: Designator=R4(J1-0603)
Added Component: Designator=R5(J1-0603)
Added Component: Designator=R6(J1-0603)
Added Component: Designator=R7(J1-0603)
Added Component: Designator=R8(J1-0603)
Added Component: Designator=R9(J1-0603)
Added Component: Designator=R10(J1-0603)
Added Component: Designator=S1(SPST-2)
Added Component: Designator=U1(STM-LQFP64_N)
Added Component: Designator=U2(STM-LQFP64_N)
Added Component: Designator=Y1(R38)
Added Component: Designator=Y2(R38)
Added Pin To Net: NetName=3.3V Pin=C8-2
Added Pin To Net: NetName=3.3V Pin=C9-2
Added Pin To Net: NetName=3.3V Pin=C10-2
Added Pin To Net: NetName=3.3V Pin=C11-2
Added Pin To Net: NetName=3.3V Pin=C12-2
Added Pin To Net: NetName=3.3V Pin=L1-1
Added Pin To Net: NetName=3.3V Pin=R2-2
Added Pin To Net: NetName=3.3V Pin=U2-16
Added Pin To Net: NetName=3.3V Pin=U2-17
Added Pin To Net: NetName=3.3V Pin=U2-20
Added Pin To Net: NetName=3.3V Pin=U2-21
Added Net: Name=3.3V
Added Pin To Net: NetName=BOOT0 Pin=R1-2
Added Pin To Net: NetName=BOOT0 Pin=U1-60
Added Net: Name=BOOT0
Added Pin To Net: NetName=GND Pin=*-5
Added Pin To Net: NetName=GND Pin=*-6
Added Pin To Net: NetName=GND Pin=*-7
Added Pin To Net: NetName=GND Pin=C1-1
Added Pin To Net: NetName=GND Pin=C2-1
Added Pin To Net: NetName=GND Pin=C3-1
Added Pin To Net: NetName=GND Pin=C4-1
Added Pin To Net: NetName=GND Pin=C5-1
Added Pin To Net: NetName=GND Pin=C6-1
Added Pin To Net: NetName=GND Pin=C7-1
Added Pin To Net: NetName=GND Pin=C8-1
Added Pin To Net: NetName=GND Pin=C9-1
Added Pin To Net: NetName=GND Pin=C10-1
Added Pin To Net: NetName=GND Pin=C11-1
Added Pin To Net: NetName=GND Pin=C12-1
Added Pin To Net: NetName=GND Pin=C13-2
Added Pin To Net: NetName=GND Pin=C14-2
Added Pin To Net: NetName=GND Pin=D1-2
Added Pin To Net: NetName=GND Pin=D2-2
Added Pin To Net: NetName=GND Pin=D3-2
Added Pin To Net: NetName=GND Pin=D4-2
Added Pin To Net: NetName=GND Pin=R1-1
Added Pin To Net: NetName=GND Pin=U2-41
Added Net: Name=GND
Added Pin To Net: NetName=Net*_2 Pin=*-2
Added Pin To Net: NetName=Net*_2 Pin=R4-1
Added Net: Name=Net*_2
Added Pin To Net: NetName=Net*_3 Pin=*-3
Added Pin To Net: NetName=Net*_3 Pin=R5-1
Added Net: Name=Net*_3
Added Pin To Net: NetName=Net*_4 Pin=*-4
Added Pin To Net: NetName=Net*_4 Pin=R6-1
Added Net: Name=Net*_4
Added Pin To Net: NetName=NetC1_2 Pin=C1-2
Added Pin To Net: NetName=NetC1_2 Pin=U1-4
Added Pin To Net: NetName=NetC1_2 Pin=Y1-1
Added Net: Name=NetC1_2
Added Pin To Net: NetName=NetC2_2 Pin=C2-2
Added Pin To Net: NetName=NetC2_2 Pin=U1-3
Added Pin To Net: NetName=NetC2_2 Pin=Y1-2
Added Net: Name=NetC2_2
Added Pin To Net: NetName=NetC3_2 Pin=C3-2
Added Pin To Net: NetName=NetC3_2 Pin=U1-5
Added Pin To Net: NetName=NetC3_2 Pin=Y2-1
Added Net: Name=NetC3_2
Added Pin To Net: NetName=NetC4_2 Pin=C4-2
Added Pin To Net: NetName=NetC4_2 Pin=U1-6
Added Pin To Net: NetName=NetC4_2 Pin=Y2-2
Added Net: Name=NetC4_2
Added Pin To Net: NetName=NetC5_2 Pin=C5-2
Added Pin To Net: NetName=NetC5_2 Pin=U1-47
Added Net: Name=NetC5_2
Added Pin To Net: NetName=NetC6_2 Pin=C6-2
Added Pin To Net: NetName=NetC6_2 Pin=U1-31
Added Net: Name=NetC6_2
Added Pin To Net: NetName=NetC7_2 Pin=C7-2
Added Pin To Net: NetName=NetC7_2 Pin=S1-2
Added Net: Name=NetC7_2
Added Pin To Net: NetName=NetC13_1 Pin=C13-1
Added Pin To Net: NetName=NetC13_1 Pin=C14-1
Added Pin To Net: NetName=NetC13_1 Pin=L1-2
Added Pin To Net: NetName=NetC13_1 Pin=U2-23
Added Net: Name=NetC13_1
Added Pin To Net: NetName=NetD1_1 Pin=D1-1
Added Pin To Net: NetName=NetD1_1 Pin=R7-2
Added Net: Name=NetD1_1
Added Pin To Net: NetName=NetD2_1 Pin=D2-1
Added Pin To Net: NetName=NetD2_1 Pin=R8-2
Added Net: Name=NetD2_1
Added Pin To Net: NetName=NetD3_1 Pin=D3-1
Added Pin To Net: NetName=NetD3_1 Pin=R9-2
Added Net: Name=NetD3_1
Added Pin To Net: NetName=NetD4_1 Pin=D4-1
Added Pin To Net: NetName=NetD4_1 Pin=R10-2
Added Net: Name=NetD4_1
Added Pin To Net: NetName=PA0 Pin=U1-14
Added Net: Name=PA0
Added Pin To Net: NetName=PA1 Pin=U1-15
Added Net: Name=PA1
Added Pin To Net: NetName=PA2 Pin=U1-16
Added Net: Name=PA2
Added Pin To Net: NetName=PA3 Pin=U1-17
Added Net: Name=PA3
Added Pin To Net: NetName=PA4 Pin=U1-20
Added Net: Name=PA4
Added Pin To Net: NetName=PA5 Pin=U1-21
Added Net: Name=PA5
Added Pin To Net: NetName=PA6 Pin=U1-22
Added Net: Name=PA6
Added Pin To Net: NetName=PA7 Pin=U1-23
Added Net: Name=PA7
Added Pin To Net: NetName=PA8 Pin=U1-41
Added Net: Name=PA8
Added Pin To Net: NetName=PA9_VSUB Pin=R3-2
Added Pin To Net: NetName=PA9_VSUB Pin=U1-42
Added Net: Name=PA9_VSUB
Added Pin To Net: NetName=PA10_ID Pin=R6-2
Added Pin To Net: NetName=PA10_ID Pin=U1-43
Added Net: Name=PA10_ID
Added Pin To Net: NetName=PA11_DM Pin=R4-2
Added Pin To Net: NetName=PA11_DM Pin=U1-44
Added Net: Name=PA11_DM
Added Pin To Net: NetName=PA12_DP Pin=R5-2
Added Pin To Net: NetName=PA12_DP Pin=U1-45
Added Net: Name=PA12_DP
Added Pin To Net: NetName=PA13_LED1 Pin=R7-1
Added Pin To Net: NetName=PA13_LED1 Pin=U1-46
Added Net: Name=PA13_LED1
Added Pin To Net: NetName=PA14_LED2 Pin=R8-1
Added Pin To Net: NetName=PA14_LED2 Pin=U1-49
Added Net: Name=PA14_LED2
Added Pin To Net: NetName=PA15_LED3 Pin=R9-1
Added Pin To Net: NetName=PA15_LED3 Pin=U1-50
Added Net: Name=PA15_LED3
Added Pin To Net: NetName=PB0 Pin=U1-26
Added Net: Name=PB0
Added Pin To Net: NetName=PB1 Pin=U1-27
Added Net: Name=PB1
Added Pin To Net: NetName=PB2 Pin=U1-28
Added Net: Name=PB2
Added Pin To Net: NetName=PB3 Pin=U1-55
Added Net: Name=PB3
Added Pin To Net: NetName=PB4_LED4 Pin=R10-1
Added Pin To Net: NetName=PB4_LED4 Pin=U1-56
Added Net: Name=PB4_LED4
Added Pin To Net: NetName=PB5 Pin=U1-57
Added Net: Name=PB5
Added Pin To Net: NetName=PB6 Pin=U1-58
Added Net: Name=PB6
Added Pin To Net: NetName=PB7 Pin=U1-59
Added Net: Name=PB7
Added Pin To Net: NetName=PB8 Pin=U1-61
Added Net: Name=PB8
Added Pin To Net: NetName=PB9 Pin=U1-62
Added Net: Name=PB9
Added Pin To Net: NetName=PB10 Pin=U1-29
Added Net: Name=PB10
Added Pin To Net: NetName=PB11 Pin=U1-30
Added Net: Name=PB11
Added Pin To Net: NetName=PB12 Pin=U1-33
Added Net: Name=PB12
Added Pin To Net: NetName=PB13 Pin=U1-34
Added Net: Name=PB13
Added Pin To Net: NetName=PB14 Pin=U1-35
Added Net: Name=PB14
Added Pin To Net: NetName=PB15 Pin=U1-36
Added Net: Name=PB15
Added Pin To Net: NetName=PC0 Pin=U1-8
Added Net: Name=PC0
Added Pin To Net: NetName=PC1 Pin=U1-9
Added Net: Name=PC1
Added Pin To Net: NetName=PC2 Pin=U1-10
Added Net: Name=PC2
Added Pin To Net: NetName=PC3 Pin=U1-11
Added Net: Name=PC3
Added Pin To Net: NetName=PC4 Pin=U1-24
Added Net: Name=PC4
Added Pin To Net: NetName=PC5 Pin=U1-25
Added Net: Name=PC5
Added Pin To Net: NetName=PC6 Pin=U1-37
Added Net: Name=PC6
Added Pin To Net: NetName=PC7 Pin=U1-38
Added Net: Name=PC7
Added Pin To Net: NetName=PC8 Pin=U1-39
Added Net: Name=PC8
Added Pin To Net: NetName=PC9 Pin=U1-40
Added Net: Name=PC9
Added Pin To Net: NetName=PC10 Pin=U1-51
Added Net: Name=PC10
Added Pin To Net: NetName=PC11 Pin=U1-52
Added Net: Name=PC11
Added Pin To Net: NetName=PC12 Pin=U1-53
Added Net: Name=PC12
Added Pin To Net: NetName=PC13 Pin=U1-2
Added Net: Name=PC13
Added Pin To Net: NetName=PD2 Pin=U1-54
Added Net: Name=PD2
Added Pin To Net: NetName=R\S\T\ Pin=R2-1
Added Pin To Net: NetName=R\S\T\ Pin=S1-1
Added Pin To Net: NetName=R\S\T\ Pin=U1-7
Added Net: Name=R\S\T\
Added Pin To Net: NetName=VBUS Pin=*-1
Added Pin To Net: NetName=VBUS Pin=D0-1
Added Pin To Net: NetName=VBUS Pin=R3-1
Added Net: Name=VBUS
Added Pin To Net: NetName=VIN Pin=D0-2
Added Net: Name=VIN
Added Class: Name=PyBoard_PCB
Added Room: Name=PyBoard_PCB
