Removed Pin From Net: NetName=PC13 Pin=U1-2
Removed Pin From Net: NetName=NetC5_2 Pin=U1-3
Removed Pin From Net: NetName=NetC6_2 Pin=U1-4
Removed Pin From Net: NetName=NetC1_1 Pin=U1-5
Removed Pin From Net: NetName=NetC2_1 Pin=U1-6
Removed Pin From Net: NetName=R\S\T\ Pin=U1-7
Removed Pin From Net: NetName=PC0 Pin=U1-8
Removed Pin From Net: NetName=PC1 Pin=U1-9
Removed Pin From Net: NetName=PC2 Pin=U1-10
Removed Pin From Net: NetName=PC3 Pin=U1-11
Removed Pin From Net: NetName=PA0 Pin=U1-14
Removed Pin From Net: NetName=PA1 Pin=U1-15
Removed Pin From Net: NetName=PA2 Pin=U1-16
Removed Pin From Net: NetName=PA3 Pin=U1-17
Removed Pin From Net: NetName=PA4 Pin=U1-20
Removed Pin From Net: NetName=PA5 Pin=U1-21
Removed Pin From Net: NetName=PA6 Pin=U1-22
Removed Pin From Net: NetName=PA7 Pin=U1-23
Removed Pin From Net: NetName=PC4 Pin=U1-24
Removed Pin From Net: NetName=PC5 Pin=U1-25
Removed Pin From Net: NetName=PB0 Pin=U1-26
Removed Pin From Net: NetName=PB1 Pin=U1-27
Removed Pin From Net: NetName=PB2_ Pin=U1-28
Removed Pin From Net: NetName=PB10 Pin=U1-29
Removed Pin From Net: NetName=PB11 Pin=U1-30
Removed Pin From Net: NetName=NetC4_2 Pin=U1-31
Removed Pin From Net: NetName=PB12 Pin=U1-33
Removed Pin From Net: NetName=PB13 Pin=U1-34
Removed Pin From Net: NetName=PB14 Pin=U1-35
Removed Pin From Net: NetName=PB15 Pin=U1-36
Removed Pin From Net: NetName=PC6 Pin=U1-37
Removed Pin From Net: NetName=PC7 Pin=U1-38
Removed Pin From Net: NetName=PC8 Pin=U1-39
Removed Pin From Net: NetName=PC9 Pin=U1-40
Removed Pin From Net: NetName=PA8 Pin=U1-41
Removed Pin From Net: NetName=PA9_VSUB Pin=U1-42
Removed Pin From Net: NetName=PA10_ID Pin=U1-43
Removed Pin From Net: NetName=PA11_DM Pin=U1-44
Removed Pin From Net: NetName=PA12_DP Pin=U1-45
Removed Pin From Net: NetName=PA13_LED1 Pin=U1-46
Removed Pin From Net: NetName=NetC3_2 Pin=U1-47
Removed Pin From Net: NetName=PA14_LED2 Pin=U1-49
Removed Pin From Net: NetName=PA15_LED3 Pin=U1-50
Removed Pin From Net: NetName=PC10 Pin=U1-51
Removed Pin From Net: NetName=PC11 Pin=U1-52
Removed Pin From Net: NetName=PC12 Pin=U1-53
Removed Pin From Net: NetName=PD2 Pin=U1-54
Removed Pin From Net: NetName=PB3 Pin=U1-55
Removed Pin From Net: NetName=PB4 Pin=U1-56
Removed Pin From Net: NetName=PB5 Pin=U1-57
Removed Pin From Net: NetName=PB6 Pin=U1-58
Removed Pin From Net: NetName=PB7 Pin=U1-59
Removed Pin From Net: NetName=BOOT0 Pin=U1-60
Removed Pin From Net: NetName=PB8 Pin=U1-61
Removed Pin From Net: NetName=PB9 Pin=U1-62
Removed Member From Class: ClassName=PyBoard_PCB Member=C8
Removed Member From Class: ClassName=PyBoard_PCB Member=C8
Removed Member From Class: ClassName=PyBoard_PCB Member=U2
Removed Member From Class: ClassName=PyBoard_PCB Member=U2
Change Component Designator: OldDesignator=U2 NewDesignator=U1
Added Pin To Net: NetName=PC13 Pin=U1-2
Added Pin To Net: NetName=NetC5_2 Pin=U1-3
Added Pin To Net: NetName=NetC6_2 Pin=U1-4
Added Pin To Net: NetName=NetC1_1 Pin=U1-5
Added Pin To Net: NetName=NetC2_1 Pin=U1-6
Added Pin To Net: NetName=R\S\T\ Pin=U1-7
Added Pin To Net: NetName=PC0 Pin=U1-8
Added Pin To Net: NetName=PC1 Pin=U1-9
Added Pin To Net: NetName=PC2 Pin=U1-10
Added Pin To Net: NetName=PC3 Pin=U1-11
Added Pin To Net: NetName=PA0 Pin=U1-14
Added Pin To Net: NetName=PA1 Pin=U1-15
Added Pin To Net: NetName=PA2 Pin=U1-16
Added Pin To Net: NetName=PA3 Pin=U1-17
Added Pin To Net: NetName=PA4 Pin=U1-20
Added Pin To Net: NetName=PA5 Pin=U1-21
Added Pin To Net: NetName=PA6 Pin=U1-22
Added Pin To Net: NetName=PA7 Pin=U1-23
Added Pin To Net: NetName=PC4 Pin=U1-24
Added Pin To Net: NetName=PC5 Pin=U1-25
Added Pin To Net: NetName=PB0 Pin=U1-26
Added Pin To Net: NetName=PB1 Pin=U1-27
Added Pin To Net: NetName=PB2_ Pin=U1-28
Added Pin To Net: NetName=PB10 Pin=U1-29
Added Pin To Net: NetName=PB11 Pin=U1-30
Added Pin To Net: NetName=NetC4_2 Pin=U1-31
Added Pin To Net: NetName=PB12 Pin=U1-33
Added Pin To Net: NetName=PB13 Pin=U1-34
Added Pin To Net: NetName=PB14 Pin=U1-35
Added Pin To Net: NetName=PB15 Pin=U1-36
Added Pin To Net: NetName=PC6 Pin=U1-37
Added Pin To Net: NetName=PC7 Pin=U1-38
Added Pin To Net: NetName=PC8 Pin=U1-39
Added Pin To Net: NetName=PC9 Pin=U1-40
Added Pin To Net: NetName=PA8 Pin=U1-41
Added Pin To Net: NetName=PA9_VSUB Pin=U1-42
Added Pin To Net: NetName=PA10_ID Pin=U1-43
Added Pin To Net: NetName=PA11_DM Pin=U1-44
Added Pin To Net: NetName=PA12_DP Pin=U1-45
Added Pin To Net: NetName=PA13_LED1 Pin=U1-46
Added Pin To Net: NetName=NetC3_2 Pin=U1-47
Added Pin To Net: NetName=PA14_LED2 Pin=U1-49
Added Pin To Net: NetName=PA15_LED3 Pin=U1-50
Added Pin To Net: NetName=PC10 Pin=U1-51
Added Pin To Net: NetName=PC11 Pin=U1-52
Added Pin To Net: NetName=PC12 Pin=U1-53
Added Pin To Net: NetName=PD2 Pin=U1-54
Added Pin To Net: NetName=PB3 Pin=U1-55
Added Pin To Net: NetName=PB4 Pin=U1-56
Added Pin To Net: NetName=PB5 Pin=U1-57
Added Pin To Net: NetName=PB6 Pin=U1-58
Added Pin To Net: NetName=PB7 Pin=U1-59
Added Pin To Net: NetName=BOOT0 Pin=U1-60
Added Pin To Net: NetName=PB8 Pin=U1-61
Added Pin To Net: NetName=PB9 Pin=U1-62
