Change Component Footprint: Designator=C1 Old Footprint=SMD0805 New Footprint=SMD0603
Change Component Footprint: Designator=C2 Old Footprint=SMD0805 New Footprint=SMD0603
Change Component Footprint: Designator=C3 Old Footprint=SMD0805 New Footprint=SMD0603
Change Component Footprint: Designator=C4 Old Footprint=SMD0805 New Footprint=SMD0603
Change Component Footprint: Designator=C5 Old Footprint=SMD0805 New Footprint=SMD0603
Change Component Footprint: Designator=C6 Old Footprint=SMD0805 New Footprint=SMD0603
Change Component Footprint: Designator=C7 Old Footprint=SMD0805 New Footprint=SMD0603
Change Component Footprint: Designator=C8 Old Footprint=SMD0805 New Footprint=SMD0603
Change Component Footprint: Designator=C9 Old Footprint=SMD0805 New Footprint=SMD0603
Change Component Footprint: Designator=C10 Old Footprint=SMD0805 New Footprint=SMD0603
Change Component Footprint: Designator=C11 Old Footprint=SMD0805 New Footprint=SMD0603
Change Component Footprint: Designator=C12 Old Footprint=SMD0805 New Footprint=SMD0603
Change Component Footprint: Designator=C13 Old Footprint=SMD0805 New Footprint=SMD0603
Change Component Footprint: Designator=C14 Old Footprint=SMD0805 New Footprint=SMD0603
Change Component Footprint: Designator=C15 Old Footprint=SMD0805 New Footprint=SMD0603
Change Component Footprint: Designator=C16 Old Footprint=SMD0805 New Footprint=SMD0603
Change Component Footprint: Designator=C17 Old Footprint=SMD0805 New Footprint=SMD0603
Change Component Footprint: Designator=C18 Old Footprint=SMD0805 New Footprint=SMD0603
Change Component Footprint: Designator=C19 Old Footprint=SMD0805 New Footprint=SMD0603
Added Component: Designator=J1(HDR1X8)
Added Component: Designator=J2(HDR1X8)
Added Component: Designator=J3(HDR1X8)
Added Component: Designator=J4(HDR1X8)
Added Component: Designator=J5(HDR1X8)
Added Component: Designator=J6(HDR1X8)
Added Component: Designator=J7(HDR1X8)
Added Pin To Net: NetName=5V Pin=J1-1
Added Pin To Net: NetName=5V Pin=J1-2
Added Pin To Net: NetName=5V Pin=J1-3
Added Pin To Net: NetName=5V Pin=J1-4
Added Pin To Net: NetName=5V Pin=J1-5
Added Pin To Net: NetName=5V Pin=J1-6
Added Pin To Net: NetName=5V Pin=J1-7
Added Pin To Net: NetName=5V Pin=J1-8
Added Pin To Net: NetName=GND Pin=J2-1
Added Pin To Net: NetName=GND Pin=J2-2
Added Pin To Net: NetName=GND Pin=J2-3
Added Pin To Net: NetName=GND Pin=J2-4
Added Pin To Net: NetName=GND Pin=J2-5
Added Pin To Net: NetName=GND Pin=J2-6
Added Pin To Net: NetName=GND Pin=J2-7
Added Pin To Net: NetName=GND Pin=J2-8
Added Pin To Net: NetName=PA0_X1 Pin=J3-1
Added Pin To Net: NetName=PA1_X2 Pin=J3-2
Added Pin To Net: NetName=PA2_X3 Pin=J3-3
Added Pin To Net: NetName=PA3_X4 Pin=J3-4
Added Pin To Net: NetName=PA4_X5 Pin=J3-5
Added Pin To Net: NetName=PA5_X6 Pin=J3-6
Added Pin To Net: NetName=PA6_X7 Pin=J3-7
Added Pin To Net: NetName=PA7_X8 Pin=J3-8
Added Pin To Net: NetName=PC6_Y1 Pin=J4-1
Added Pin To Net: NetName=PC7_Y2 Pin=J4-2
Added Pin To Net: NetName=PB8_Y3 Pin=J4-3
Added Pin To Net: NetName=PB9_Y4 Pin=J4-4
Added Pin To Net: NetName=PB12_Y5 Pin=J4-5
Added Pin To Net: NetName=PB13_Y6 Pin=J4-6
Added Pin To Net: NetName=PB14_Y7 Pin=J4-7
Added Pin To Net: NetName=PB15_Y8 Pin=J4-8
Added Pin To Net: NetName=PB6_X9_SCL Pin=J5-1
Added Pin To Net: NetName=PB7_X10_SDA Pin=J5-2
Added Pin To Net: NetName=PC4_X11 Pin=J5-3
Added Pin To Net: NetName=PC5_X12 Pin=J5-4
Added Pin To Net: NetName=RST# Pin=J5-5
Added Pin To Net: NetName=GND Pin=J5-6
Added Pin To Net: NetName=3V3 Pin=J5-7
Added Pin To Net: NetName=5V Pin=J5-8
Added Pin To Net: NetName=5V Pin=J6-1
Added Pin To Net: NetName=3V3 Pin=J6-2
Added Pin To Net: NetName=RST# Pin=J6-3
Added Pin To Net: NetName=GND Pin=J6-4
Added Pin To Net: NetName=PB1_Y12 Pin=J6-5
Added Pin To Net: NetName=PB0_Y11 Pin=J6-6
Added Pin To Net: NetName=PB11_Y10_SDA Pin=J6-7
Added Pin To Net: NetName=PB10_Y9_SCL Pin=J6-8
Added Pin To Net: NetName=PB3_X17_SW Pin=J7-1
Added Pin To Net: NetName=PC13_X18 Pin=J7-2
Added Pin To Net: NetName=PC0_X19 Pin=J7-3
Added Pin To Net: NetName=PC1_X20 Pin=J7-4
Added Pin To Net: NetName=PC2_X21 Pin=J7-5
Added Pin To Net: NetName=PC3_X22 Pin=J7-6
Added Pin To Net: NetName=A3V3 Pin=J7-7
Added Pin To Net: NetName=GND Pin=J7-8
Added Member To Class: ClassName=PyBoard_PCB Member=Component J1 Header 8-5V
Added Member To Class: ClassName=PyBoard_PCB Member=Component J2 Header 8-GND
Added Member To Class: ClassName=PyBoard_PCB Member=Component J3 Header 8-X1X8
Added Member To Class: ClassName=PyBoard_PCB Member=Component J4 Header 8-Y1Y8
Added Member To Class: ClassName=PyBoard_PCB Member=Component J5 Header 8-Y9X16
Added Member To Class: ClassName=PyBoard_PCB Member=Component J6 Header 8-Y9Y16
Added Member To Class: ClassName=PyBoard_PCB Member=Component J7 Header 8-X17X24
Added Room: Name=PyBoard_PCB
