Removed Pin From Net: NetName=GND Pin=C1-1
Removed Pin From Net: NetName=GND Pin=C2-1
Removed Pin From Net: NetName=GND Pin=C8-1
Removed Pin From Net: NetName=3.3V Pin=C8-2
Removed Pin From Net: NetName=3.3V Pin=C9-2
Removed Pin From Net: NetName=GND Pin=C13-2
Removed Pin From Net: NetName=GND Pin=C14-2
Removed Pin From Net: NetName=VBUS Pin=D0-1
Removed Pin From Net: NetName=VIN Pin=D0-2
Removed Pin From Net: NetName=GND Pin=D2-2
Removed Pin From Net: NetName=GND Pin=R1-1
Removed Pin From Net: NetName=BOOT0 Pin=R1-2
Removed Pin From Net: NetName=R\S\T\ Pin=R2-1
Removed Pin From Net: NetName=3.3V Pin=R2-2
Removed Pin From Net: NetName=VBUS Pin=R3-1
Removed Pin From Net: NetName=PA9_VSUB Pin=R3-2
Removed Pin From Net: NetName=PA11_DM Pin=R4-2
Removed Pin From Net: NetName=PA12_DP Pin=R5-2
Removed Pin From Net: NetName=PA10_ID Pin=R6-2
Removed Pin From Net: NetName=PA13_LED1 Pin=R7-1
Removed Pin From Net: NetName=NetD1_1 Pin=R7-2
Removed Pin From Net: NetName=PA14_LED2 Pin=R8-1
Removed Pin From Net: NetName=PA15_LED3 Pin=R9-1
Removed Pin From Net: NetName=NetD3_1 Pin=R9-2
Removed Pin From Net: NetName=PB4_LED4 Pin=R10-1
Removed Pin From Net: NetName=NetD4_1 Pin=R10-2
Removed Pin From Net: NetName=NetC3_2 Pin=U1-5
Removed Pin From Net: NetName=NetC4_2 Pin=U1-6
Removed Pin From Net: NetName=NetC6_2 Pin=U1-31
Removed Pin From Net: NetName=NetC5_2 Pin=U1-47
Removed Pin From Net: NetName=PB4_LED4 Pin=U1-56
Removed Pin From Net: NetName=3.3V Pin=U2-16
Removed Pin From Net: NetName=3.3V Pin=U2-17
Removed Pin From Net: NetName=3.3V Pin=U2-20
Removed Pin From Net: NetName=3.3V Pin=U2-21
Removed Pin From Net: NetName=GND Pin=U2-41
Removed Pin From Net: NetName=NetC3_2 Pin=Y2-1
Removed Pin From Net: NetName=NetC4_2 Pin=Y2-2
Removed Member From Class: ClassName=PyBoard_PCB Member=D0
Change Component Footprint: Designator=D1 Old Footprint=3.2X1.6X1.1 New Footprint=L0603
Change Component Footprint: Designator=D2 Old Footprint=3.2X1.6X1.1 New Footprint=L0603
Change Component Footprint: Designator=D3 Old Footprint=3.2X1.6X1.1 New Footprint=L0603
Change Component Footprint: Designator=D4 Old Footprint=3.2X1.6X1.1 New Footprint=L0603
Change Component Footprint: Designator=L1 Old Footprint=0402-A New Footprint=L0603
Change Component Footprint: Designator=R1 Old Footprint=J1-0603 New Footprint=L0603
Change Component Footprint: Designator=R2 Old Footprint=J1-0603 New Footprint=L0603
Change Component Footprint: Designator=R3 Old Footprint=J1-0603 New Footprint=L0603
Change Component Footprint: Designator=R4 Old Footprint=J1-0603 New Footprint=L0603
Change Component Footprint: Designator=R5 Old Footprint=J1-0603 New Footprint=L0603
Change Component Footprint: Designator=R6 Old Footprint=J1-0603 New Footprint=L0603
Change Component Footprint: Designator=R7 Old Footprint=J1-0603 New Footprint=L0603
Change Component Footprint: Designator=R8 Old Footprint=J1-0603 New Footprint=L0603
Change Component Footprint: Designator=R9 Old Footprint=J1-0603 New Footprint=L0603
Change Component Footprint: Designator=R10 Old Footprint=J1-0603 New Footprint=L0603
Change Component Footprint: Designator=C1 Old Footprint=RAD-0.3 New Footprint=SMD0805
Change Component Footprint: Designator=C2 Old Footprint=RAD-0.3 New Footprint=SMD0805
Change Component Footprint: Designator=C3 Old Footprint=RAD-0.3 New Footprint=SMD0805
Change Component Footprint: Designator=C4 Old Footprint=RAD-0.3 New Footprint=SMD0805
Change Component Footprint: Designator=C5 Old Footprint=RAD-0.3 New Footprint=SMD0805
Change Component Footprint: Designator=C6 Old Footprint=RAD-0.3 New Footprint=SMD0805
Change Component Footprint: Designator=C7 Old Footprint=RAD-0.3 New Footprint=SMD0805
Change Component Footprint: Designator=C8 Old Footprint=RAD-0.3 New Footprint=SMD0805
Change Component Footprint: Designator=C9 Old Footprint=RAD-0.3 New Footprint=SMD0805
Change Component Footprint: Designator=C10 Old Footprint=RAD-0.3 New Footprint=SMD0805
Change Component Footprint: Designator=C11 Old Footprint=RAD-0.3 New Footprint=SMD0805
Change Component Footprint: Designator=C12 Old Footprint=RAD-0.3 New Footprint=SMD0805
Change Component Footprint: Designator=C13 Old Footprint=RAD-0.3 New Footprint=SMD0805
Change Component Footprint: Designator=C14 Old Footprint=RAD-0.3 New Footprint=SMD0805
Change Component Comment : Designator=C4 Old Comment=2.2p New Comment=2u2
Change Component Comment : Designator=C3 Old Comment=2.2p New Comment=2u2
Change Component Comment : Designator=C6 Old Comment=2u2 New Comment=2.2p
Change Component Comment : Designator=C5 Old Comment=2u2 New Comment=2.2p
Change Component Comment : Designator=Y2 Old Comment=8M New Comment=XTAL
Change Component Comment : Designator=R2 Old Comment=10K New Comment=100K
Change Component Comment : Designator=R10 Old Comment=22 New Comment=560
Change Component Comment : Designator=R7 Old Comment=22 New Comment=560
Change Component Comment : Designator=R6 Old Comment=22 New Comment=560
Change Component Comment : Designator=R5 Old Comment=22 New Comment=560
Change Component Comment : Designator=R4 Old Comment=22 New Comment=560
Change Component Comment : Designator=C13 Old Comment=22u New Comment=104
Change Component Comment : Designator=Y1 Old Comment=32K New Comment=XTAL
Change Component Comment : Designator=R1 Old Comment=100K New Comment=10K
Change Component Comment : Designator=C9 Old Comment=104 New Comment=105
Change Component Comment : Designator=R3 Old Comment=560 New Comment=10K
Change Component Comment : Designator=L1 Old Comment=Inductor New Comment=1uH
Change Component Comment : Designator=D2 Old Comment=LED2 New Comment=Diode
Change Component Comment : Designator=D4 Old Comment=LED2 New Comment=LED1
Change Component Comment : Designator=D3 Old Comment=LED2 New Comment=LED1
Change Component Comment : Designator=D1 Old Comment=LED2 New Comment=LED1
Added Component: Designator=C15(SMD0805)
Added Component: Designator=C16(SMD0805)
Added Component: Designator=C17(SMD0805)
Added Component: Designator=C18(SMD0805)
Added Component: Designator=D5(L0603)
Added Component: Designator=R11(L0603)
Added Component: Designator=XC1(SOT23)
Added Pin To Net: NetName=GND Pin=C1-2
Added Pin To Net: NetName=GND Pin=C2-2
Added Pin To Net: NetName=GND Pin=C13-1
Added Pin To Net: NetName=3.3V Pin=C13-2
Added Pin To Net: NetName=GND Pin=C14-1
Added Pin To Net: NetName=3.3V Pin=C14-2
Added Pin To Net: NetName=GND Pin=C15-1
Added Pin To Net: NetName=3.3V Pin=C15-2
Added Pin To Net: NetName=GND Pin=C16-2
Added Pin To Net: NetName=GND Pin=C17-2
Added Pin To Net: NetName=GND Pin=C18-1
Added Pin To Net: NetName=VIN Pin=C18-2
Added Pin To Net: NetName=VBUS Pin=D2-1
Added Pin To Net: NetName=VIN Pin=D2-2
Added Pin To Net: NetName=GND Pin=D5-2
Added Pin To Net: NetName=R\S\T\ Pin=R1-1
Added Pin To Net: NetName=3.3V Pin=R1-2
Added Pin To Net: NetName=GND Pin=R2-1
Added Pin To Net: NetName=BOOT0 Pin=R2-2
Added Pin To Net: NetName=PB3 Pin=R3-2
Added Pin To Net: NetName=NetD1_1 Pin=R4-1
Added Pin To Net: NetName=PA13_LED1 Pin=R4-2
Added Pin To Net: NetName=NetD3_1 Pin=R5-1
Added Pin To Net: NetName=PA14_LED2 Pin=R5-2
Added Pin To Net: NetName=PA9_VSUB Pin=R6-1
Added Pin To Net: NetName=NetD4_1 Pin=R7-1
Added Pin To Net: NetName=PA15_LED3 Pin=R7-2
Added Pin To Net: NetName=PA11_DM Pin=R8-1
Added Pin To Net: NetName=PA12_DP Pin=R9-1
Added Pin To Net: NetName=PA10_ID Pin=R10-1
Added Pin To Net: NetName=PB4_LED4 Pin=R11-2
Added Pin To Net: NetName=NetC5_2 Pin=U1-3
Added Pin To Net: NetName=NetC6_2 Pin=U1-4
Added Pin To Net: NetName=NetC4_2 Pin=U1-31
Added Pin To Net: NetName=NetC3_2 Pin=U1-47
Added Pin To Net: NetName=GND Pin=U2-12
Added Pin To Net: NetName=GND Pin=U2-18
Added Pin To Net: NetName=3.3V Pin=U2-19
Added Pin To Net: NetName=3.3V Pin=U2-32
Added Pin To Net: NetName=3.3V Pin=U2-48
Added Pin To Net: NetName=GND Pin=U2-63
Added Pin To Net: NetName=3.3V Pin=U2-64
Added Pin To Net: NetName=3.3V Pin=XC1-1
Added Pin To Net: NetName=GND Pin=XC1-2
Added Pin To Net: NetName=BOOT0 Pin=Y2-1
Change Net Name : Old Net Name=PB2 New Net Name=PB2_
Added Pin To Net: NetName=NetC1_1 Pin=C1-1
Added Pin To Net: NetName=NetC1_1 Pin=U1-5
Added Pin To Net: NetName=NetC1_1 Pin=Y1-1
Added Net: Name=NetC1_1
Added Pin To Net: NetName=NetC2_1 Pin=C2-1
Added Pin To Net: NetName=NetC2_1 Pin=U1-6
Added Pin To Net: NetName=NetC2_1 Pin=Y1-2
Added Net: Name=NetC2_1
Added Pin To Net: NetName=NetC16_1 Pin=C16-1
Added Pin To Net: NetName=NetC16_1 Pin=C17-1
Added Pin To Net: NetName=NetC16_1 Pin=L1-2
Added Pin To Net: NetName=NetC16_1 Pin=U2-13
Added Net: Name=NetC16_1
Added Pin To Net: NetName=NetD5_1 Pin=D5-1
Added Pin To Net: NetName=NetD5_1 Pin=R11-1
Added Net: Name=NetD5_1
Added Pin To Net: NetName=NetR3_1 Pin=R3-1
Added Net: Name=NetR3_1
Added Pin To Net: NetName=PB4 Pin=U1-56
Added Net: Name=PB4
Added Pin To Net: NetName=VBAT Pin=C9-2
Added Pin To Net: NetName=VBAT Pin=U2-1
Added Net: Name=VBAT
Added Member To Class: ClassName=PyBoard_PCB Member=Component C15 2u2
Added Member To Class: ClassName=PyBoard_PCB Member=Component C16 22u
Added Member To Class: ClassName=PyBoard_PCB Member=Component C17 104
Added Member To Class: ClassName=PyBoard_PCB Member=Component C18 2u2
Added Member To Class: ClassName=PyBoard_PCB Member=Component D5 LED1
Added Member To Class: ClassName=PyBoard_PCB Member=Component R11 560
Added Member To Class: ClassName=PyBoard_PCB Member=Component XC1 XC6206
